<?xml version='1.0' encoding='UTF-8'?>
<testsuite hostname="DESKTOP-F385REB" name="DfaTests" tests="16" errors="0" failures="1" skipped="0" time="0.177" timestamp="2023-01-08T21:06:58">
          <properties>
[...]
</properties>
          <testcase classname="DfaTests" name="Test eps (1p)" time="0.067">
                      
                    </testcase><testcase classname="DfaTests" name="Test void (1p)" time="0.003">
                      
                    </testcase><testcase classname="DfaTests" name="Test space (1p)" time="0.011">
                      
                    </testcase><testcase classname="DfaTests" name="Test character (1p)" time="0.001">
                      
                    </testcase><testcase classname="DfaTests" name="Test weird characters (1p)" time="0.004">
                      
                    </testcase><testcase classname="DfaTests" name="Test concat (1p)" time="0.015">
                      
                    </testcase><testcase classname="DfaTests" name="Test star (1p)" time="0.01">
                      
                    </testcase><testcase classname="DfaTests" name="Test union (1p)" time="0.006">
                      
                    </testcase><testcase classname="DfaTests" name="Test complex 1 (10p)" time="0.011">
                      
                    </testcase><testcase classname="DfaTests" name="Test complex 2 (10p)" time="0.004">
                      
                    </testcase><testcase classname="DfaTests" name="Test complex 3 (10p)" time="0.009">
                      
                    </testcase><testcase classname="DfaTests" name="Test complex 4 (10p)" time="0.004">
                      
                    </testcase><testcase classname="DfaTests" name="Test complex 5 (10p)" time="0.01">
                      
                    </testcase><testcase classname="DfaTests" name="Test complex 6 (10p)" time="0.006">
                      
                    </testcase><testcase classname="DfaTests" name="Test complex 7 (10p)" time="0.007">
                      
                    </testcase><testcase classname="DfaTests" name="DFA map" time="0.009">
                      <failure message="/mnt/d/Anul 3/Semestrul 1/Limbaje formale si automate/schelet_scala/skel-scala/src/test/scala/DfaTests.scala:126 assertion failed
125:
[7m126:    assert(regexes.forall(p =&gt; { // run test for each tuple in &quot;regexes&quot;[0m
127:      val regex = p._1" type="munit.FailException">munit.FailException: /mnt/d/Anul 3/Semestrul 1/Limbaje formale si automate/schelet_scala/skel-scala/src/test/scala/DfaTests.scala:126 assertion failed
125:
[7m126:    assert(regexes.forall(p =&gt; { // run test for each tuple in &quot;regexes&quot;[0m
127:      val regex = p._1
	at munit.FunSuite.assert(FunSuite.scala:11)
	at DfaTests.$anonfun$new$125(DfaTests.scala:126)
	at scala.runtime.java8.JFunction0$mcV$sp.apply(JFunction0$mcV$sp.scala:18)
</failure>
                    </testcase>
          <system-out><![CDATA[]]></system-out>
          <system-err><![CDATA[]]></system-err>
        </testsuite>