<?xml version='1.0' encoding='UTF-8'?>
<testsuite hostname="DESKTOP-F385REB" name="NfaTests" tests="16" errors="0" failures="1" skipped="0" time="0.171" timestamp="2023-01-08T21:06:58">
          <properties>
[...]
</properties>
          <testcase classname="NfaTests" name="Nfa from Eps" time="0.067">
                      
                    </testcase><testcase classname="NfaTests" name="Nfa from Void" time="0.014">
                      
                    </testcase><testcase classname="NfaTests" name="Nfa from char" time="0.002">
                      
                    </testcase><testcase classname="NfaTests" name="Nfa from complex expression 1" time="0.014">
                      
                    </testcase><testcase classname="NfaTests" name="Nfa from complex expression 1 with bad input" time="0.001">
                      
                    </testcase><testcase classname="NfaTests" name="Nfa from complex expression 2" time="0.01">
                      
                    </testcase><testcase classname="NfaTests" name="Nfa from complex expression 2 with bad input" time="0.002">
                      
                    </testcase><testcase classname="NfaTests" name="Nfa from star expression 1" time="0.005">
                      
                    </testcase><testcase classname="NfaTests" name="Nfa from star expression with bad string" time="0.002">
                      
                    </testcase><testcase classname="NfaTests" name="Nfa from complex expression 3" time="0.008">
                      
                    </testcase><testcase classname="NfaTests" name="Nfa from complex expression 4" time="0.001">
                      
                    </testcase><testcase classname="NfaTests" name="Nfa from complex expression 5 and bad input" time="0.002">
                      
                    </testcase><testcase classname="NfaTests" name="Nfa from complex expression 5" time="0.003">
                      
                    </testcase><testcase classname="NfaTests" name="Nfa from complex expression 6" time="0.006">
                      
                    </testcase><testcase classname="NfaTests" name="Nfa from complex expression 7" time="0.003">
                      
                    </testcase><testcase classname="NfaTests" name="Nfa map" time="0.031">
                      <failure message="/mnt/d/Anul 3/Semestrul 1/Limbaje formale si automate/schelet_scala/skel-scala/src/test/scala/NfaTests.scala:128 assertion failed
127:
[7m128:    assert(regexes.forall((p: (String, String, Int =&gt; Any)) =&gt; { // run test for each tuple in &quot;regexes&quot;[0m
129:" type="munit.FailException">munit.FailException: /mnt/d/Anul 3/Semestrul 1/Limbaje formale si automate/schelet_scala/skel-scala/src/test/scala/NfaTests.scala:128 assertion failed
127:
[7m128:    assert(regexes.forall((p: (String, String, Int =&gt; Any)) =&gt; { // run test for each tuple in &quot;regexes&quot;[0m
129:
	at munit.FunSuite.assert(FunSuite.scala:11)
	at NfaTests.$anonfun$new$58(NfaTests.scala:128)
	at scala.runtime.java8.JFunction0$mcV$sp.apply(JFunction0$mcV$sp.scala:18)
</failure>
                    </testcase>
          <system-out><![CDATA[]]></system-out>
          <system-err><![CDATA[]]></system-err>
        </testsuite>